{"level":"info","message":"DB onnected successfully"}
{"level":"info","message":"DB onnected successfully"}
{"level":"info","message":"DB onnected successfully"}
{"level":"info","message":"DB onnected successfully"}
{"level":"info","message":"DB onnected successfully"}
{"level":"info","message":"DB onnected successfully"}
{"level":"info","message":"DB onnected successfully"}
{"level":"info","message":"listening on port 5000"}
{"level":"info","message":"DB onnected successfully"}
{"level":"info","message":"listening on port 5000"}
{"level":"info","message":"DB onnected successfully"}
{"level":"info","message":"listening on port 5000","timestamp":"2022-05-10T07:18:38.662Z"}
{"level":"info","message":"DB onnected successfully","timestamp":"2022-05-10T07:18:38.681Z"}
{"level":"info","message":"listening on port 5000","timestamp":"2022-05-10T07:19:52.087Z"}
{"level":"info","message":"DB onnected successfully","timestamp":"2022-05-10T07:19:52.107Z"}
{"level":"info","message":"listening on port 5000","timestamp":"2022-05-10T07:20:09.294Z"}
{"level":"info","message":"DB onnected successfully","timestamp":"2022-05-10T07:20:09.311Z"}
{"level":"info","message":"listening on port 5000","timestamp":"2022-05-10T07:20:21.084Z"}
{"level":"info","message":"DB onnected successfully","timestamp":"2022-05-10T07:20:21.108Z"}
{"level":"info","message":"listening on port 5000","timestamp":"2022-05-10T07:21:03.704Z"}
{"level":"info","message":"DB onnected successfully","timestamp":"2022-05-10T07:21:03.719Z"}
{"level":"info","message":"listening on port 5000","timestamp":"2022-05-10T07:21:44.886Z"}
{"level":"info","message":"DB onnected successfully","timestamp":"2022-05-10T07:21:44.908Z"}
{"level":"info","message":"listening on port 5000","timestamp":"2022-05-10T07:23:08.065Z"}
{"level":"info","message":"DB onnected successfully","timestamp":"2022-05-10T07:23:08.082Z"}
{"level":"info","message":"listening on port 5000","timestamp":"2022-05-10T07:23:15.466Z"}
{"level":"info","message":"DB onnected successfully","timestamp":"2022-05-10T07:23:15.482Z"}
{"level":"info","message":"listening on port 5000","timestamp":"2022-05-10T07:23:56.446Z"}
{"level":"info","message":"DB onnected successfully","timestamp":"2022-05-10T07:23:56.466Z"}
{"level":"info","message":"listening on port 5000","timestamp":"2022-05-10T07:24:01.796Z"}
{"level":"info","message":"DB onnected successfully","timestamp":"2022-05-10T07:24:01.814Z"}
{"level":"info","message":"listening on port 5000","timestamp":"2022-05-10T07:24:23.099Z"}
{"level":"info","message":"DB onnected successfully","timestamp":"2022-05-10T07:24:23.128Z"}
{"level":"info","message":"listening on port 5000","timestamp":"2022-05-10T07:24:24.826Z"}
{"level":"info","message":"DB onnected successfully","timestamp":"2022-05-10T07:24:24.843Z"}
{"level":"info","message":"listening on port 5000","timestamp":"2022-05-10T07:25:44.905Z"}
{"level":"info","message":"DB onnected successfully","timestamp":"2022-05-10T07:25:44.924Z"}
{"level":"info","message":"listening on port 5000","timestamp":"2022-05-10T07:26:04.899Z"}
{"level":"info","message":"DB onnected successfully","timestamp":"2022-05-10T07:26:04.917Z"}
{"level":"info","message":"listening on port 5000","timestamp":"2022-05-10T07:26:14.773Z"}
{"level":"info","message":"DB onnected successfully","timestamp":"2022-05-10T07:26:14.789Z"}
{"level":"info","message":"listening on port 5000","timestamp":"2022-05-10T07:27:42.391Z"}
{"level":"info","message":"DB onnected successfully","timestamp":"2022-05-10T07:27:42.411Z"}
{"level":"info","message":"listening on port 5000","timestamp":"2022-05-10T07:27:51.184Z"}
{"level":"info","message":"DB onnected successfully","timestamp":"2022-05-10T07:27:51.199Z"}
{"level":"info","message":"listening on port 5000","timestamp":"2022-05-10T07:28:47.112Z"}
{"level":"info","message":"DB onnected successfully","timestamp":"2022-05-10T07:28:47.130Z"}
{"level":"info","message":"listening on port 5000","timestamp":"2022-05-10T07:29:58.994Z"}
{"level":"info","message":"DB onnected successfully","timestamp":"2022-05-10T07:29:59.016Z"}
{"level":"info","message":"listening on port 5000","timestamp":"2022-05-10T07:32:24.456Z"}
{"level":"info","message":"DB onnected successfully","timestamp":"2022-05-10T07:32:24.475Z"}
{"level":"info","message":"listening on port 5000","timestamp":"2022-05-10T07:32:34.657Z"}
{"level":"info","message":"DB onnected successfully","timestamp":"2022-05-10T07:32:34.677Z"}
{"level":"info","message":"listening on port 5000","timestamp":"2022-05-10T07:32:41.019Z"}
{"level":"info","message":"DB onnected successfully","timestamp":"2022-05-10T07:32:41.034Z"}
{"level":"info","message":"listening on port 5000","timestamp":"2022-05-10T07:32:46.639Z"}
{"level":"info","message":"DB onnected successfully","timestamp":"2022-05-10T07:32:46.658Z"}
{"level":"info","message":"listening on port 5000","timestamp":"2022-05-10T07:32:48.505Z"}
{"level":"info","message":"DB onnected successfully","timestamp":"2022-05-10T07:32:48.523Z"}
{"level":"info","message":"listening on port 5000","timestamp":"2022-05-10T07:32:50.988Z"}
{"level":"info","message":"DB onnected successfully","timestamp":"2022-05-10T07:32:51.004Z"}
{"level":"info","message":"listening on port 5000","timestamp":"2022-05-10T07:33:39.696Z"}
{"level":"info","message":"DB onnected successfully","timestamp":"2022-05-10T07:33:39.716Z"}
{"level":"info","message":"listening on port 5000","timestamp":"2022-05-10T07:34:23.991Z"}
{"level":"info","message":"DB onnected successfully","timestamp":"2022-05-10T07:34:24.008Z"}
{"level":"info","message":"listening on port 5000","timestamp":"2022-05-10T07:35:20.037Z"}
{"level":"info","message":"DB onnected successfully","timestamp":"2022-05-10T07:35:20.057Z"}
{"level":"info","message":"listening on port 5000","timestamp":"2022-05-10T07:35:34.930Z"}
{"level":"info","message":"DB onnected successfully","timestamp":"2022-05-10T07:35:34.955Z"}
{"level":"info","message":"listening on port 5000","timestamp":"2022-05-10T07:36:26.018Z"}
{"level":"info","message":"DB onnected successfully","timestamp":"2022-05-10T07:36:26.034Z"}
{"level":"info","message":"listening on port 5000","timestamp":"2022-05-10T07:36:29.211Z"}
{"level":"info","message":"DB onnected successfully","timestamp":"2022-05-10T07:36:29.230Z"}
{"level":"info","message":"listening on port 5000","timestamp":"2022-05-10T07:39:25.259Z"}
{"level":"info","message":"DB onnected successfully","timestamp":"2022-05-10T07:39:25.275Z"}
{"level":"info","message":"listening on port 5000","timestamp":"2022-05-10T07:39:45.537Z"}
{"level":"info","message":"DB onnected successfully","timestamp":"2022-05-10T07:39:45.562Z"}
{"level":"info","message":"listening on port 5000","timestamp":"2022-05-10T07:39:59.275Z"}
{"level":"info","message":"DB onnected successfully","timestamp":"2022-05-10T07:39:59.302Z"}
{"level":"info","message":"listening on port 5000","timestamp":"2022-05-10T11:12:30.441Z"}
{"level":"info","message":"DB onnected successfully","timestamp":"2022-05-10T11:12:30.462Z"}
{"level":"info","message":"listening on port 5000","timestamp":"2022-05-10T11:12:45.438Z"}
{"level":"info","message":"DB onnected successfully","timestamp":"2022-05-10T11:12:45.463Z"}
{"level":"info","message":"listening on port 5000","timestamp":"2022-05-10T11:12:58.142Z"}
{"level":"info","message":"DB onnected successfully","timestamp":"2022-05-10T11:12:58.163Z"}
{"level":"info","message":"listening on port 5000","timestamp":"2022-05-10T11:13:11.271Z"}
{"level":"info","message":"DB onnected successfully","timestamp":"2022-05-10T11:13:11.289Z"}
{"level":"info","message":"listening on port 5000","timestamp":"2022-05-10T11:17:34.451Z"}
{"level":"info","message":"DB onnected successfully","timestamp":"2022-05-10T11:17:34.468Z"}
{"level":"info","message":"listening on port 5000","timestamp":"2022-05-10T11:22:04.241Z"}
{"level":"info","message":"DB onnected successfully","timestamp":"2022-05-10T11:22:04.260Z"}
{"level":"info","message":"listening on port 5000","timestamp":"2022-05-10T11:22:08.708Z"}
{"level":"info","message":"DB onnected successfully","timestamp":"2022-05-10T11:22:08.724Z"}
{"level":"info","message":"listening on port 5000","timestamp":"2022-05-10T11:22:37.865Z"}
{"level":"info","message":"DB onnected successfully","timestamp":"2022-05-10T11:22:37.882Z"}
{"level":"info","message":"listening on port 5000","timestamp":"2022-05-10T11:22:53.803Z"}
{"level":"info","message":"DB onnected successfully","timestamp":"2022-05-10T11:22:53.819Z"}
{"level":"info","message":"listening on port 5000","timestamp":"2022-05-10T11:23:02.325Z"}
{"level":"info","message":"DB onnected successfully","timestamp":"2022-05-10T11:23:02.341Z"}
{"level":"info","message":"listening on port 5000","timestamp":"2022-05-10T11:23:38.293Z"}
{"level":"info","message":"DB onnected successfully","timestamp":"2022-05-10T11:23:38.315Z"}
{"level":"info","message":"listening on port 5000","timestamp":"2022-05-10T11:24:02.666Z"}
{"level":"info","message":"DB onnected successfully","timestamp":"2022-05-10T11:24:02.682Z"}
{"level":"info","message":"listening on port 5000","timestamp":"2022-05-10T11:24:46.570Z"}
{"level":"info","message":"DB onnected successfully","timestamp":"2022-05-10T11:24:46.588Z"}
{"level":"info","message":"listening on port 5000","timestamp":"2022-05-10T11:25:06.243Z"}
{"level":"info","message":"DB onnected successfully","timestamp":"2022-05-10T11:25:06.262Z"}
{"level":"info","message":"listening on port 5000","timestamp":"2022-05-10T11:25:22.704Z"}
{"level":"info","message":"DB onnected successfully","timestamp":"2022-05-10T11:25:22.725Z"}
{"level":"info","message":"listening on port 5000","timestamp":"2022-05-10T11:25:40.284Z"}
{"level":"info","message":"DB onnected successfully","timestamp":"2022-05-10T11:25:40.302Z"}
{"level":"info","message":"listening on port 5000","timestamp":"2022-05-10T11:25:56.979Z"}
{"level":"info","message":"DB onnected successfully","timestamp":"2022-05-10T11:25:57.018Z"}
{"level":"info","message":"listening on port 5000","timestamp":"2022-05-10T11:26:05.696Z"}
{"level":"info","message":"DB onnected successfully","timestamp":"2022-05-10T11:26:05.712Z"}
{"level":"info","message":"listening on port 5000","timestamp":"2022-05-10T11:26:14.160Z"}
{"level":"info","message":"DB onnected successfully","timestamp":"2022-05-10T11:26:14.176Z"}
{"level":"info","message":"listening on port 5000","timestamp":"2022-05-10T11:26:20.150Z"}
{"level":"info","message":"DB onnected successfully","timestamp":"2022-05-10T11:26:20.167Z"}
{"level":"info","message":"listening on port 5000","timestamp":"2022-05-10T11:26:24.367Z"}
{"level":"info","message":"DB onnected successfully","timestamp":"2022-05-10T11:26:24.386Z"}
{"level":"info","message":"listening on port 5000","timestamp":"2022-05-10T11:26:44.216Z"}
{"level":"info","message":"DB onnected successfully","timestamp":"2022-05-10T11:26:44.233Z"}
{"level":"info","message":"listening on port 5000","timestamp":"2022-05-10T11:26:47.774Z"}
{"level":"info","message":"DB onnected successfully","timestamp":"2022-05-10T11:26:47.792Z"}
{"level":"info","message":"listening on port 5000","timestamp":"2022-05-10T11:26:56.631Z"}
{"level":"info","message":"DB onnected successfully","timestamp":"2022-05-10T11:26:56.647Z"}
{"level":"info","message":"listening on port 5000","timestamp":"2022-05-10T11:27:15.509Z"}
{"level":"info","message":"DB onnected successfully","timestamp":"2022-05-10T11:27:15.529Z"}
{"level":"info","message":"listening on port 5000","timestamp":"2022-05-10T11:27:31.280Z"}
{"level":"info","message":"DB onnected successfully","timestamp":"2022-05-10T11:27:31.295Z"}
{"level":"info","message":"listening on port 5000","timestamp":"2022-05-10T11:27:41.686Z"}
{"level":"info","message":"DB onnected successfully","timestamp":"2022-05-10T11:27:41.702Z"}
{"level":"info","message":"listening on port 5000","timestamp":"2022-05-10T11:27:50.563Z"}
{"level":"info","message":"DB onnected successfully","timestamp":"2022-05-10T11:27:50.582Z"}
{"level":"info","message":"listening on port 5000","timestamp":"2022-05-10T11:27:53.962Z"}
{"level":"info","message":"DB onnected successfully","timestamp":"2022-05-10T11:27:53.979Z"}
{"level":"info","message":"listening on port 5000","timestamp":"2022-05-10T11:29:44.160Z"}
{"level":"info","message":"DB onnected successfully","timestamp":"2022-05-10T11:29:44.176Z"}
{"level":"info","message":"listening on port 5000","timestamp":"2022-05-10T11:29:47.707Z"}
{"level":"info","message":"DB onnected successfully","timestamp":"2022-05-10T11:29:47.725Z"}
{"level":"info","message":"listening on port 5000","timestamp":"2022-05-10T11:30:22.199Z"}
{"level":"info","message":"DB onnected successfully","timestamp":"2022-05-10T11:30:22.218Z"}
{"level":"info","message":"listening on port 5000","timestamp":"2022-05-10T11:30:38.163Z"}
{"level":"info","message":"DB onnected successfully","timestamp":"2022-05-10T11:30:38.178Z"}
{"level":"info","message":"listening on port 5000","timestamp":"2022-05-10T11:33:44.106Z"}
{"level":"info","message":"DB onnected successfully","timestamp":"2022-05-10T11:33:44.130Z"}
{"level":"info","message":"listening on port 5000","timestamp":"2022-05-10T11:34:22.331Z"}
{"level":"info","message":"DB onnected successfully","timestamp":"2022-05-10T11:34:22.348Z"}
{"level":"info","message":"listening on port 5000","timestamp":"2022-05-10T11:35:25.953Z"}
{"level":"info","message":"DB onnected successfully","timestamp":"2022-05-10T11:35:25.971Z"}
{"level":"info","message":"listening on port 5000","timestamp":"2022-05-10T11:46:55.398Z"}
{"level":"info","message":"DB onnected successfully","timestamp":"2022-05-10T11:46:55.422Z"}
{"level":"info","message":"listening on port 5000","timestamp":"2022-05-10T11:57:25.308Z"}
{"level":"info","message":"DB onnected successfully","timestamp":"2022-05-10T11:57:25.325Z"}
{"level":"info","message":"listening on port 5000","timestamp":"2022-05-10T11:57:32.520Z"}
{"level":"info","message":"DB onnected successfully","timestamp":"2022-05-10T11:57:32.538Z"}
{"level":"info","message":"listening on port 5000","timestamp":"2022-05-10T11:57:48.748Z"}
{"level":"info","message":"DB onnected successfully","timestamp":"2022-05-10T11:57:48.765Z"}
{"level":"info","message":"listening on port 5000","timestamp":"2022-05-10T11:58:17.681Z"}
{"level":"info","message":"DB onnected successfully","timestamp":"2022-05-10T11:58:17.706Z"}
{"level":"info","message":"listening on port 5000","timestamp":"2022-05-10T11:58:38.468Z"}
{"level":"info","message":"DB onnected successfully","timestamp":"2022-05-10T11:58:38.492Z"}
{"level":"info","message":"listening on port 5000","timestamp":"2022-05-10T11:58:50.116Z"}
{"level":"info","message":"DB onnected successfully","timestamp":"2022-05-10T11:58:50.139Z"}
{"level":"info","message":"listening on port 5000","timestamp":"2022-05-10T11:59:12.182Z"}
{"level":"info","message":"DB onnected successfully","timestamp":"2022-05-10T11:59:12.199Z"}
{"level":"info","message":"listening on port 5000","timestamp":"2022-05-10T12:01:04.636Z"}
{"level":"info","message":"DB onnected successfully","timestamp":"2022-05-10T12:01:04.664Z"}
{"level":"info","message":"listening on port 5000","timestamp":"2022-05-10T12:01:37.073Z"}
{"level":"info","message":"DB onnected successfully","timestamp":"2022-05-10T12:01:37.103Z"}
{"level":"info","message":"listening on port 5000","timestamp":"2022-05-10T12:01:50.912Z"}
{"level":"info","message":"DB onnected successfully","timestamp":"2022-05-10T12:01:50.928Z"}
{"level":"info","message":"listening on port 5000","timestamp":"2022-05-10T12:02:28.745Z"}
{"level":"info","message":"DB onnected successfully","timestamp":"2022-05-10T12:02:28.764Z"}
{"level":"info","message":"listening on port 5000","timestamp":"2022-05-10T12:04:12.921Z"}
{"level":"info","message":"DB onnected successfully","timestamp":"2022-05-10T12:04:12.935Z"}
{"level":"info","message":"listening on port 5000","timestamp":"2022-05-10T12:05:21.342Z"}
{"level":"info","message":"DB onnected successfully","timestamp":"2022-05-10T12:05:21.372Z"}
{"level":"info","message":"listening on port 5000","timestamp":"2022-05-10T12:05:32.267Z"}
{"level":"info","message":"DB onnected successfully","timestamp":"2022-05-10T12:05:32.302Z"}
{"level":"info","message":"listening on port 5000","timestamp":"2022-05-10T12:05:49.906Z"}
{"level":"info","message":"DB onnected successfully","timestamp":"2022-05-10T12:05:49.924Z"}
{"level":"info","message":"listening on port 5000","timestamp":"2022-05-10T12:06:08.356Z"}
{"level":"info","message":"DB onnected successfully","timestamp":"2022-05-10T12:06:08.375Z"}
{"level":"info","message":"listening on port 5000","timestamp":"2022-05-10T12:06:36.959Z"}
{"level":"info","message":"DB onnected successfully","timestamp":"2022-05-10T12:06:36.975Z"}
{"level":"info","message":"listening on port 5000","timestamp":"2022-05-10T12:06:53.895Z"}
{"level":"info","message":"DB onnected successfully","timestamp":"2022-05-10T12:06:53.946Z"}
{"level":"info","message":"listening on port 5000","timestamp":"2022-05-10T12:09:22.154Z"}
{"level":"info","message":"DB onnected successfully","timestamp":"2022-05-10T12:09:22.175Z"}
{"level":"info","message":"listening on port 5000","timestamp":"2022-05-10T12:14:55.915Z"}
{"level":"info","message":"DB onnected successfully","timestamp":"2022-05-10T12:14:55.937Z"}
{"level":"info","message":"listening on port 5000","timestamp":"2022-05-10T12:18:59.526Z"}
{"level":"info","message":"DB onnected successfully","timestamp":"2022-05-10T12:18:59.543Z"}
{"level":"info","message":"listening on port 5000","timestamp":"2022-05-10T12:19:47.189Z"}
{"level":"info","message":"DB onnected successfully","timestamp":"2022-05-10T12:19:47.238Z"}
{"level":"info","message":"listening on port 5000","timestamp":"2022-05-10T12:20:03.492Z"}
{"level":"info","message":"DB onnected successfully","timestamp":"2022-05-10T12:20:03.515Z"}
{"level":"info","message":"listening on port 5000","timestamp":"2022-05-11T18:54:50.142Z"}
{"level":"info","message":"DB onnected successfully","timestamp":"2022-05-11T18:54:50.203Z"}
{"level":"info","message":"listening on port 5000","timestamp":"2022-05-11T19:06:47.824Z"}
{"level":"info","message":"DB onnected successfully","timestamp":"2022-05-11T19:06:47.836Z"}
{"level":"info","message":"listening on port 5000","timestamp":"2022-05-11T19:06:56.625Z"}
{"level":"info","message":"DB onnected successfully","timestamp":"2022-05-11T19:06:56.647Z"}
{"level":"info","message":"listening on port 5000","timestamp":"2022-05-11T19:08:31.182Z"}
{"level":"info","message":"DB onnected successfully","timestamp":"2022-05-11T19:08:31.206Z"}
{"level":"info","message":"listening on port 5000","timestamp":"2022-05-11T19:08:42.195Z"}
{"level":"info","message":"DB onnected successfully","timestamp":"2022-05-11T19:08:42.211Z"}
{"level":"info","message":"listening on port 5000","timestamp":"2022-05-11T19:08:53.068Z"}
{"level":"info","message":"DB onnected successfully","timestamp":"2022-05-11T19:08:53.084Z"}
{"level":"info","message":"listening on port 5000","timestamp":"2022-05-11T19:12:17.317Z"}
{"level":"info","message":"DB onnected successfully","timestamp":"2022-05-11T19:12:17.343Z"}
{"level":"info","message":"listening on port 5000","timestamp":"2022-05-11T19:13:13.165Z"}
{"level":"info","message":"DB onnected successfully","timestamp":"2022-05-11T19:13:13.188Z"}
{"level":"info","message":"listening on port 5000","timestamp":"2022-05-11T19:13:32.987Z"}
{"level":"info","message":"DB onnected successfully","timestamp":"2022-05-11T19:13:33.009Z"}
{"level":"info","message":"listening on port 5000","timestamp":"2022-05-11T19:13:48.529Z"}
{"level":"info","message":"DB onnected successfully","timestamp":"2022-05-11T19:13:48.545Z"}
{"level":"info","message":"listening on port 5000","timestamp":"2022-05-11T19:14:12.140Z"}
{"level":"info","message":"DB onnected successfully","timestamp":"2022-05-11T19:14:12.158Z"}
{"level":"info","message":"listening on port 5000","timestamp":"2022-05-11T19:14:22.968Z"}
{"level":"info","message":"DB onnected successfully","timestamp":"2022-05-11T19:14:22.984Z"}
{"level":"info","message":"listening on port 5000","timestamp":"2022-05-11T19:19:06.627Z"}
{"level":"info","message":"DB onnected successfully","timestamp":"2022-05-11T19:19:06.640Z"}
{"level":"info","message":"listening on port 5000","timestamp":"2022-05-11T19:20:10.227Z"}
{"level":"info","message":"DB onnected successfully","timestamp":"2022-05-11T19:20:10.245Z"}
{"level":"info","message":"listening on port 5000","timestamp":"2022-05-11T19:20:15.524Z"}
{"level":"info","message":"DB onnected successfully","timestamp":"2022-05-11T19:20:15.560Z"}
{"level":"info","message":"listening on port 5000","timestamp":"2022-05-11T19:27:13.537Z"}
{"level":"info","message":"DB onnected successfully","timestamp":"2022-05-11T19:27:13.556Z"}
{"level":"info","message":"listening on port 5000","timestamp":"2022-05-12T10:49:59.766Z"}
{"level":"info","message":"DB onnected successfully","timestamp":"2022-05-12T10:49:59.795Z"}
{"level":"info","message":"listening on port 5000","timestamp":"2022-05-12T10:50:41.729Z"}
{"level":"info","message":"DB onnected successfully","timestamp":"2022-05-12T10:50:41.747Z"}
{"level":"info","message":"listening on port 5000","timestamp":"2022-05-12T10:51:01.729Z"}
{"level":"info","message":"DB onnected successfully","timestamp":"2022-05-12T10:51:01.748Z"}
{"level":"info","message":"listening on port 5000","timestamp":"2022-05-12T10:51:19.565Z"}
{"level":"info","message":"DB onnected successfully","timestamp":"2022-05-12T10:51:19.584Z"}
{"level":"info","message":"listening on port 5000","timestamp":"2022-05-12T10:51:36.848Z"}
{"level":"info","message":"DB onnected successfully","timestamp":"2022-05-12T10:51:36.872Z"}
{"level":"info","message":"listening on port 5000","timestamp":"2022-05-12T10:51:41.600Z"}
{"level":"info","message":"DB onnected successfully","timestamp":"2022-05-12T10:51:41.616Z"}
{"level":"info","message":"listening on port 5000","timestamp":"2022-05-12T10:51:46.073Z"}
{"level":"info","message":"DB onnected successfully","timestamp":"2022-05-12T10:51:46.090Z"}
{"level":"info","message":"listening on port 5000","timestamp":"2022-05-12T10:52:01.895Z"}
{"level":"info","message":"DB onnected successfully","timestamp":"2022-05-12T10:52:01.912Z"}
{"level":"info","message":"listening on port 5000","timestamp":"2022-05-12T10:52:24.310Z"}
{"level":"info","message":"DB onnected successfully","timestamp":"2022-05-12T10:52:24.348Z"}
{"level":"info","message":"listening on port 5000","timestamp":"2022-05-12T10:52:35.784Z"}
{"level":"info","message":"DB onnected successfully","timestamp":"2022-05-12T10:52:35.805Z"}
{"level":"info","message":"listening on port 5000","timestamp":"2022-05-12T10:52:48.112Z"}
{"level":"info","message":"DB onnected successfully","timestamp":"2022-05-12T10:52:48.131Z"}
{"level":"info","message":"listening on port 5000","timestamp":"2022-05-12T10:53:05.434Z"}
{"level":"info","message":"DB onnected successfully","timestamp":"2022-05-12T10:53:05.450Z"}
{"level":"info","message":"listening on port 5000","timestamp":"2022-05-12T10:53:28.373Z"}
{"level":"info","message":"DB onnected successfully","timestamp":"2022-05-12T10:53:28.389Z"}
{"level":"info","message":"listening on port 5000","timestamp":"2022-05-12T10:53:34.259Z"}
{"level":"info","message":"DB onnected successfully","timestamp":"2022-05-12T10:53:34.277Z"}
{"level":"info","message":"listening on port 5000","timestamp":"2022-05-12T10:53:41.396Z"}
{"level":"info","message":"DB onnected successfully","timestamp":"2022-05-12T10:53:41.430Z"}
{"level":"info","message":"listening on port 5000","timestamp":"2022-05-12T10:54:09.994Z"}
{"level":"info","message":"DB onnected successfully","timestamp":"2022-05-12T10:54:10.016Z"}
{"level":"info","message":"listening on port 5000","timestamp":"2022-05-12T10:54:29.384Z"}
{"level":"info","message":"DB onnected successfully","timestamp":"2022-05-12T10:54:29.405Z"}
{"level":"info","message":"listening on port 5000","timestamp":"2022-05-12T10:56:04.502Z"}
{"level":"info","message":"DB onnected successfully","timestamp":"2022-05-12T10:56:04.519Z"}
{"level":"info","message":"listening on port 5000","timestamp":"2022-05-12T10:56:36.390Z"}
{"level":"info","message":"DB onnected successfully","timestamp":"2022-05-12T10:56:36.406Z"}
{"level":"info","message":"listening on port 5000","timestamp":"2022-05-12T10:56:46.369Z"}
{"level":"info","message":"DB onnected successfully","timestamp":"2022-05-12T10:56:46.388Z"}
{"level":"info","message":"listening on port 5000","timestamp":"2022-05-12T10:57:18.125Z"}
{"level":"info","message":"DB onnected successfully","timestamp":"2022-05-12T10:57:18.142Z"}
{"level":"info","message":"listening on port 5000","timestamp":"2022-05-12T10:57:30.263Z"}
{"level":"info","message":"DB onnected successfully","timestamp":"2022-05-12T10:57:30.279Z"}
{"level":"info","message":"listening on port 5000","timestamp":"2022-05-12T10:57:39.928Z"}
{"level":"info","message":"DB onnected successfully","timestamp":"2022-05-12T10:57:39.945Z"}
{"level":"info","message":"listening on port 5000","timestamp":"2022-05-12T10:57:45.130Z"}
{"level":"info","message":"DB onnected successfully","timestamp":"2022-05-12T10:57:45.151Z"}
{"level":"info","message":"listening on port 5000","timestamp":"2022-05-12T10:57:54.873Z"}
{"level":"info","message":"DB onnected successfully","timestamp":"2022-05-12T10:57:54.918Z"}
{"level":"info","message":"listening on port 5000","timestamp":"2022-05-12T10:57:58.799Z"}
{"level":"info","message":"DB onnected successfully","timestamp":"2022-05-12T10:57:58.825Z"}
{"level":"info","message":"listening on port 5000","timestamp":"2022-05-12T10:58:07.575Z"}
{"level":"info","message":"DB onnected successfully","timestamp":"2022-05-12T10:58:07.595Z"}
{"level":"info","message":"listening on port 5000","timestamp":"2022-05-12T10:58:22.808Z"}
{"level":"info","message":"DB onnected successfully","timestamp":"2022-05-12T10:58:22.830Z"}
{"level":"info","message":"listening on port 5000","timestamp":"2022-05-12T10:58:34.705Z"}
{"level":"info","message":"DB onnected successfully","timestamp":"2022-05-12T10:58:34.729Z"}
{"level":"info","message":"listening on port 5000","timestamp":"2022-05-12T10:58:44.803Z"}
{"level":"info","message":"DB onnected successfully","timestamp":"2022-05-12T10:58:44.834Z"}
{"level":"info","message":"listening on port 5000","timestamp":"2022-05-12T11:02:14.753Z"}
{"level":"info","message":"DB onnected successfully","timestamp":"2022-05-12T11:02:14.775Z"}
{"level":"info","message":"listening on port 5000","timestamp":"2022-05-12T11:06:38.788Z"}
{"level":"info","message":"DB onnected successfully","timestamp":"2022-05-12T11:06:38.804Z"}
{"level":"info","message":"listening on port 5000","timestamp":"2022-05-12T11:12:03.841Z"}
{"level":"info","message":"DB onnected successfully","timestamp":"2022-05-12T11:12:03.859Z"}
{"level":"info","message":"listening on port 5000","timestamp":"2022-05-12T11:14:05.764Z"}
{"level":"info","message":"DB onnected successfully","timestamp":"2022-05-12T11:14:05.783Z"}
{"level":"info","message":"listening on port 5000","timestamp":"2022-05-12T11:15:25.988Z"}
{"level":"info","message":"DB onnected successfully","timestamp":"2022-05-12T11:15:26.010Z"}
{"level":"info","message":"listening on port 5000","timestamp":"2022-05-12T11:16:16.604Z"}
{"level":"info","message":"DB onnected successfully","timestamp":"2022-05-12T11:16:16.622Z"}
{"level":"info","message":"listening on port 5000","timestamp":"2022-05-12T11:16:37.398Z"}
{"level":"info","message":"DB onnected successfully","timestamp":"2022-05-12T11:16:37.422Z"}
{"level":"info","message":"listening on port 5000","timestamp":"2022-05-12T11:17:10.221Z"}
{"level":"info","message":"DB onnected successfully","timestamp":"2022-05-12T11:17:10.243Z"}
{"level":"info","message":"listening on port 5000","timestamp":"2022-05-12T11:17:42.024Z"}
{"level":"info","message":"DB onnected successfully","timestamp":"2022-05-12T11:17:42.042Z"}
{"level":"info","message":"listening on port 5000","timestamp":"2022-05-12T11:17:52.627Z"}
{"level":"info","message":"DB onnected successfully","timestamp":"2022-05-12T11:17:52.647Z"}
{"level":"info","message":"listening on port 5000","timestamp":"2022-05-12T11:20:42.424Z"}
{"level":"info","message":"DB onnected successfully","timestamp":"2022-05-12T11:20:42.446Z"}
{"level":"info","message":"listening on port 5000","timestamp":"2022-05-12T11:21:17.790Z"}
{"level":"info","message":"DB onnected successfully","timestamp":"2022-05-12T11:21:17.811Z"}
{"level":"info","message":"listening on port 5000","timestamp":"2022-05-12T11:21:45.583Z"}
{"level":"info","message":"DB onnected successfully","timestamp":"2022-05-12T11:21:45.600Z"}
{"level":"info","message":"listening on port 5000","timestamp":"2022-05-12T11:22:06.459Z"}
{"level":"info","message":"DB onnected successfully","timestamp":"2022-05-12T11:22:06.477Z"}
{"level":"info","message":"listening on port 5000","timestamp":"2022-05-12T11:22:31.557Z"}
{"level":"info","message":"DB onnected successfully","timestamp":"2022-05-12T11:22:31.580Z"}
{"level":"info","message":"listening on port 5000","timestamp":"2022-05-12T11:23:28.955Z"}
{"level":"info","message":"DB onnected successfully","timestamp":"2022-05-12T11:23:28.977Z"}
{"level":"info","message":"listening on port 5000","timestamp":"2022-05-12T11:24:41.890Z"}
{"level":"info","message":"DB onnected successfully","timestamp":"2022-05-12T11:24:41.909Z"}
{"level":"info","message":"listening on port 5000","timestamp":"2022-05-12T11:24:55.400Z"}
{"level":"info","message":"DB onnected successfully","timestamp":"2022-05-12T11:24:55.427Z"}
{"level":"info","message":"listening on port 5000","timestamp":"2022-05-12T11:25:17.742Z"}
{"level":"info","message":"DB onnected successfully","timestamp":"2022-05-12T11:25:17.760Z"}
{"level":"info","message":"listening on port 5000","timestamp":"2022-05-12T11:25:24.167Z"}
{"level":"info","message":"DB onnected successfully","timestamp":"2022-05-12T11:25:24.187Z"}
{"level":"info","message":"listening on port 5000","timestamp":"2022-05-12T11:25:59.120Z"}
{"level":"info","message":"DB onnected successfully","timestamp":"2022-05-12T11:25:59.139Z"}
{"level":"info","message":"listening on port 5000","timestamp":"2022-05-12T11:26:07.342Z"}
{"level":"info","message":"DB onnected successfully","timestamp":"2022-05-12T11:26:07.360Z"}
{"level":"info","message":"listening on port 5000","timestamp":"2022-05-12T11:33:28.196Z"}
{"level":"info","message":"DB onnected successfully","timestamp":"2022-05-12T11:33:28.223Z"}
{"level":"info","message":"listening on port 5000","timestamp":"2022-05-12T11:33:36.209Z"}
{"level":"info","message":"DB onnected successfully","timestamp":"2022-05-12T11:33:36.233Z"}
{"level":"info","message":"listening on port 5000","timestamp":"2022-05-12T11:34:06.947Z"}
{"level":"info","message":"DB onnected successfully","timestamp":"2022-05-12T11:34:06.972Z"}
{"level":"info","message":"listening on port 5000","timestamp":"2022-05-12T11:37:49.081Z"}
{"level":"info","message":"DB onnected successfully","timestamp":"2022-05-12T11:37:49.103Z"}
{"level":"info","message":"listening on port 5000","timestamp":"2022-05-12T11:38:39.874Z"}
{"level":"info","message":"DB onnected successfully","timestamp":"2022-05-12T11:38:39.896Z"}
{"level":"info","message":"listening on port 5000","timestamp":"2022-05-12T11:38:46.503Z"}
{"level":"info","message":"DB onnected successfully","timestamp":"2022-05-12T11:38:46.529Z"}
{"level":"info","message":"listening on port 5000","timestamp":"2022-05-12T16:02:37.511Z"}
{"level":"info","message":"DB onnected successfully","timestamp":"2022-05-12T16:02:37.532Z"}
{"level":"info","message":"listening on port 5000","timestamp":"2022-05-12T16:03:46.863Z"}
{"level":"info","message":"DB onnected successfully","timestamp":"2022-05-12T16:03:46.881Z"}
{"level":"info","message":"listening on port 5000","timestamp":"2022-05-12T16:07:27.541Z"}
{"level":"info","message":"DB onnected successfully","timestamp":"2022-05-12T16:07:27.566Z"}
{"level":"info","message":"listening on port 5000","timestamp":"2022-05-12T16:07:43.637Z"}
{"level":"info","message":"DB onnected successfully","timestamp":"2022-05-12T16:07:43.660Z"}
{"level":"info","message":"listening on port 5000","timestamp":"2022-05-12T16:13:33.511Z"}
{"level":"info","message":"DB onnected successfully","timestamp":"2022-05-12T16:13:33.540Z"}
{"level":"info","message":"listening on port 5000","timestamp":"2022-05-12T16:14:55.042Z"}
{"level":"info","message":"DB onnected successfully","timestamp":"2022-05-12T16:14:55.081Z"}
{"level":"info","message":"listening on port 5000","timestamp":"2022-05-12T16:15:05.721Z"}
{"level":"info","message":"DB onnected successfully","timestamp":"2022-05-12T16:15:05.749Z"}
{"level":"info","message":"listening on port 5000","timestamp":"2022-05-12T16:15:12.266Z"}
{"level":"info","message":"DB onnected successfully","timestamp":"2022-05-12T16:15:12.287Z"}
{"level":"info","message":"listening on port 5000","timestamp":"2022-05-12T16:15:28.950Z"}
{"level":"info","message":"DB onnected successfully","timestamp":"2022-05-12T16:15:28.976Z"}
{"level":"info","message":"listening on port 5000","timestamp":"2022-05-12T16:15:52.363Z"}
{"level":"info","message":"DB onnected successfully","timestamp":"2022-05-12T16:15:52.383Z"}
{"level":"info","message":"listening on port 5000","timestamp":"2022-05-12T16:16:46.572Z"}
{"level":"info","message":"DB onnected successfully","timestamp":"2022-05-12T16:16:46.592Z"}
{"level":"info","message":"listening on port 5000","timestamp":"2022-05-12T16:17:10.846Z"}
{"level":"info","message":"DB onnected successfully","timestamp":"2022-05-12T16:17:10.870Z"}
{"level":"info","message":"listening on port 5000","timestamp":"2022-05-12T16:18:26.977Z"}
{"level":"info","message":"DB onnected successfully","timestamp":"2022-05-12T16:18:27.000Z"}
{"level":"info","message":"listening on port 5000","timestamp":"2022-05-12T16:19:12.039Z"}
{"level":"info","message":"DB onnected successfully","timestamp":"2022-05-12T16:19:12.069Z"}
{"level":"info","message":"listening on port 5000","timestamp":"2022-05-12T16:19:35.378Z"}
{"level":"info","message":"DB onnected successfully","timestamp":"2022-05-12T16:19:35.397Z"}
{"level":"info","message":"listening on port 5000","timestamp":"2022-05-12T16:21:44.310Z"}
{"level":"info","message":"DB onnected successfully","timestamp":"2022-05-12T16:21:44.333Z"}
{"level":"info","message":"listening on port 5000","timestamp":"2022-05-12T18:49:51.743Z"}
{"level":"info","message":"DB onnected successfully","timestamp":"2022-05-12T18:49:51.780Z"}
{"level":"info","message":"listening on port 5000","timestamp":"2022-05-12T18:50:04.727Z"}
{"level":"info","message":"DB onnected successfully","timestamp":"2022-05-12T18:50:04.745Z"}
{"level":"info","message":"listening on port 5000","timestamp":"2022-05-12T18:50:15.076Z"}
{"level":"info","message":"DB onnected successfully","timestamp":"2022-05-12T18:50:15.096Z"}
{"level":"info","message":"listening on port 5000","timestamp":"2022-05-12T18:50:33.690Z"}
{"level":"info","message":"DB onnected successfully","timestamp":"2022-05-12T18:50:33.707Z"}
{"level":"info","message":"listening on port 5000","timestamp":"2022-05-13T14:25:19.349Z"}
{"level":"info","message":"DB onnected successfully","timestamp":"2022-05-13T14:25:19.375Z"}
{"level":"info","message":"listening on port 5000","timestamp":"2022-05-13T14:26:13.513Z"}
{"level":"info","message":"DB onnected successfully","timestamp":"2022-05-13T14:26:13.532Z"}
{"level":"info","message":"listening on port 5000","timestamp":"2022-05-13T14:27:14.486Z"}
{"level":"info","message":"DB onnected successfully","timestamp":"2022-05-13T14:27:14.505Z"}
{"level":"info","message":"listening on port 5000","timestamp":"2022-05-13T14:27:21.970Z"}
{"level":"info","message":"DB onnected successfully","timestamp":"2022-05-13T14:27:21.990Z"}
{"level":"info","message":"listening on port 5000","timestamp":"2022-05-13T14:27:28.833Z"}
{"level":"info","message":"DB onnected successfully","timestamp":"2022-05-13T14:27:28.862Z"}
{"level":"info","message":"listening on port 5000","timestamp":"2022-05-13T14:28:30.310Z"}
{"level":"info","message":"DB onnected successfully","timestamp":"2022-05-13T14:28:30.336Z"}
{"level":"info","message":"listening on port 5000","timestamp":"2022-05-13T14:28:38.524Z"}
{"level":"info","message":"DB onnected successfully","timestamp":"2022-05-13T14:28:38.545Z"}
{"level":"info","message":"listening on port 5000","timestamp":"2022-05-13T14:29:48.866Z"}
{"level":"info","message":"DB onnected successfully","timestamp":"2022-05-13T14:29:48.889Z"}
{"level":"info","message":"listening on port 5000","timestamp":"2022-05-13T14:30:34.741Z"}
{"level":"info","message":"DB onnected successfully","timestamp":"2022-05-13T14:30:34.764Z"}
{"level":"info","message":"listening on port 5000","timestamp":"2022-05-13T14:33:01.743Z"}
{"level":"info","message":"DB onnected successfully","timestamp":"2022-05-13T14:33:01.765Z"}
{"level":"info","message":"listening on port 5000","timestamp":"2022-05-13T14:37:34.867Z"}
{"level":"info","message":"DB onnected successfully","timestamp":"2022-05-13T14:37:34.894Z"}
{"level":"info","message":"listening on port 5000","timestamp":"2022-05-13T14:38:56.035Z"}
{"level":"info","message":"DB onnected successfully","timestamp":"2022-05-13T14:38:56.071Z"}
{"level":"info","message":"listening on port 5000","timestamp":"2022-05-13T14:38:59.201Z"}
{"level":"info","message":"DB onnected successfully","timestamp":"2022-05-13T14:38:59.227Z"}
{"level":"info","message":"listening on port 5000","timestamp":"2022-05-13T14:40:46.550Z"}
{"level":"info","message":"DB onnected successfully","timestamp":"2022-05-13T14:40:46.587Z"}
{"level":"info","message":"listening on port 5000","timestamp":"2022-05-13T14:41:19.006Z"}
{"level":"info","message":"DB onnected successfully","timestamp":"2022-05-13T14:41:19.036Z"}
{"level":"info","message":"listening on port 5000","timestamp":"2022-05-13T14:42:09.369Z"}
{"level":"info","message":"DB onnected successfully","timestamp":"2022-05-13T14:42:09.392Z"}
{"level":"info","message":"listening on port 5000","timestamp":"2022-05-13T14:42:18.757Z"}
{"level":"info","message":"DB onnected successfully","timestamp":"2022-05-13T14:42:18.777Z"}
{"level":"info","message":"listening on port 5000","timestamp":"2022-05-13T14:42:55.600Z"}
{"level":"info","message":"DB onnected successfully","timestamp":"2022-05-13T14:42:55.660Z"}
{"level":"info","message":"listening on port 5000","timestamp":"2022-05-14T06:43:44.236Z"}
{"level":"info","message":"DB onnected successfully","timestamp":"2022-05-14T06:43:44.274Z"}
{"level":"info","message":"listening on port 5000","timestamp":"2022-05-14T06:46:53.727Z"}
{"level":"info","message":"DB onnected successfully","timestamp":"2022-05-14T06:46:53.749Z"}
{"level":"info","message":"listening on port 5000","timestamp":"2022-05-14T07:22:59.023Z"}
{"level":"info","message":"DB onnected successfully","timestamp":"2022-05-14T07:22:59.075Z"}
{"level":"info","message":"listening on port 5000","timestamp":"2022-05-14T07:23:08.028Z"}
{"level":"info","message":"DB onnected successfully","timestamp":"2022-05-14T07:23:08.056Z"}
{"level":"info","message":"listening on port 5000","timestamp":"2022-05-14T07:23:36.777Z"}
{"level":"info","message":"DB onnected successfully","timestamp":"2022-05-14T07:23:36.803Z"}
{"level":"info","message":"listening on port 5000","timestamp":"2022-05-14T07:24:01.673Z"}
{"level":"info","message":"DB onnected successfully","timestamp":"2022-05-14T07:24:01.704Z"}
{"level":"info","message":"listening on port 5000","timestamp":"2022-05-14T07:24:03.788Z"}
{"level":"info","message":"DB onnected successfully","timestamp":"2022-05-14T07:24:03.808Z"}
{"level":"info","message":"listening on port 5000","timestamp":"2022-05-14T07:24:09.971Z"}
{"level":"info","message":"DB onnected successfully","timestamp":"2022-05-14T07:24:09.992Z"}
{"level":"info","message":"listening on port 5000","timestamp":"2022-05-14T07:47:50.171Z"}
{"level":"info","message":"DB onnected successfully","timestamp":"2022-05-14T07:47:50.204Z"}
{"level":"info","message":"listening on port 5000","timestamp":"2022-05-14T07:47:54.351Z"}
{"level":"info","message":"DB onnected successfully","timestamp":"2022-05-14T07:47:54.369Z"}
{"level":"info","message":"listening on port 5000","timestamp":"2022-05-14T07:48:06.321Z"}
{"level":"info","message":"DB onnected successfully","timestamp":"2022-05-14T07:48:06.338Z"}
{"level":"info","message":"listening on port 5000","timestamp":"2022-05-14T07:49:03.506Z"}
{"level":"info","message":"DB onnected successfully","timestamp":"2022-05-14T07:49:03.523Z"}
{"level":"info","message":"listening on port 5000","timestamp":"2022-05-14T07:50:39.314Z"}
{"level":"info","message":"DB onnected successfully","timestamp":"2022-05-14T07:50:39.332Z"}
{"level":"info","message":"listening on port 5000","timestamp":"2022-05-14T07:54:09.639Z"}
{"level":"info","message":"DB onnected successfully","timestamp":"2022-05-14T07:54:09.661Z"}
{"level":"info","message":"listening on port 5000","timestamp":"2022-05-14T07:54:49.843Z"}
{"level":"info","message":"DB onnected successfully","timestamp":"2022-05-14T07:54:49.864Z"}
{"level":"info","message":"listening on port 5000","timestamp":"2022-05-14T07:55:18.004Z"}
{"level":"info","message":"DB onnected successfully","timestamp":"2022-05-14T07:55:18.025Z"}
{"level":"info","message":"listening on port 5000","timestamp":"2022-05-14T07:55:51.365Z"}
{"level":"info","message":"DB onnected successfully","timestamp":"2022-05-14T07:55:51.387Z"}
{"level":"info","message":"listening on port 5000","timestamp":"2022-05-14T07:55:53.870Z"}
{"level":"info","message":"DB onnected successfully","timestamp":"2022-05-14T07:55:53.890Z"}
{"level":"info","message":"listening on port 5000","timestamp":"2022-05-14T07:59:21.932Z"}
{"level":"info","message":"DB onnected successfully","timestamp":"2022-05-14T07:59:21.949Z"}
{"level":"info","message":"listening on port 5000","timestamp":"2022-05-14T08:00:38.327Z"}
{"level":"info","message":"DB onnected successfully","timestamp":"2022-05-14T08:00:38.351Z"}
{"level":"info","message":"listening on port 5000","timestamp":"2022-05-14T08:01:50.756Z"}
{"level":"info","message":"DB onnected successfully","timestamp":"2022-05-14T08:01:50.776Z"}
{"level":"info","message":"listening on port 5000","timestamp":"2022-05-14T08:02:11.212Z"}
{"level":"info","message":"DB onnected successfully","timestamp":"2022-05-14T08:02:11.229Z"}
{"level":"info","message":"listening on port 5000","timestamp":"2022-05-14T08:02:15.899Z"}
{"level":"info","message":"DB onnected successfully","timestamp":"2022-05-14T08:02:15.926Z"}
{"level":"info","message":"listening on port 5000","timestamp":"2022-05-14T08:02:24.090Z"}
{"level":"info","message":"DB onnected successfully","timestamp":"2022-05-14T08:02:24.110Z"}
{"level":"info","message":"listening on port 5000","timestamp":"2022-05-14T08:05:45.478Z"}
{"level":"info","message":"DB onnected successfully","timestamp":"2022-05-14T08:05:45.500Z"}
{"level":"info","message":"listening on port 5000","timestamp":"2022-05-14T08:06:40.908Z"}
{"level":"info","message":"DB onnected successfully","timestamp":"2022-05-14T08:06:40.927Z"}
{"level":"info","message":"listening on port 5000","timestamp":"2022-05-14T08:09:42.626Z"}
{"level":"info","message":"DB onnected successfully","timestamp":"2022-05-14T08:09:42.652Z"}
{"level":"info","message":"listening on port 5000","timestamp":"2022-05-14T08:09:52.327Z"}
{"level":"info","message":"DB onnected successfully","timestamp":"2022-05-14T08:09:52.346Z"}
{"level":"info","message":"listening on port 5000","timestamp":"2022-05-14T08:10:15.675Z"}
{"level":"info","message":"DB onnected successfully","timestamp":"2022-05-14T08:10:15.691Z"}
{"level":"info","message":"listening on port 5000","timestamp":"2022-05-14T08:10:43.831Z"}
{"level":"info","message":"DB onnected successfully","timestamp":"2022-05-14T08:10:43.854Z"}
{"level":"info","message":"listening on port 5000","timestamp":"2022-05-14T08:11:22.877Z"}
{"level":"info","message":"DB onnected successfully","timestamp":"2022-05-14T08:11:22.894Z"}
{"level":"info","message":"listening on port 5000","timestamp":"2022-05-14T08:11:54.195Z"}
{"level":"info","message":"DB onnected successfully","timestamp":"2022-05-14T08:11:54.220Z"}
{"level":"info","message":"listening on port 5000","timestamp":"2022-05-14T08:11:59.059Z"}
{"level":"info","message":"DB onnected successfully","timestamp":"2022-05-14T08:11:59.085Z"}
{"level":"info","message":"listening on port 5000","timestamp":"2022-05-14T08:12:11.651Z"}
{"level":"info","message":"DB onnected successfully","timestamp":"2022-05-14T08:12:11.686Z"}
{"level":"info","message":"listening on port 5000","timestamp":"2022-05-14T08:12:38.601Z"}
{"level":"info","message":"DB onnected successfully","timestamp":"2022-05-14T08:12:38.628Z"}
{"level":"info","message":"listening on port 5000","timestamp":"2022-05-14T08:12:54.421Z"}
{"level":"info","message":"DB onnected successfully","timestamp":"2022-05-14T08:12:54.456Z"}
{"level":"info","message":"listening on port 5000","timestamp":"2022-05-14T08:13:49.250Z"}
{"level":"info","message":"DB onnected successfully","timestamp":"2022-05-14T08:13:49.269Z"}
{"level":"info","message":"listening on port 5000","timestamp":"2022-05-14T08:13:52.636Z"}
{"level":"info","message":"DB onnected successfully","timestamp":"2022-05-14T08:13:52.654Z"}
{"level":"info","message":"listening on port 5000","timestamp":"2022-05-14T08:16:24.686Z"}
{"level":"info","message":"DB onnected successfully","timestamp":"2022-05-14T08:16:24.709Z"}
{"level":"info","message":"listening on port 5000","timestamp":"2022-05-14T08:16:58.332Z"}
{"level":"info","message":"DB onnected successfully","timestamp":"2022-05-14T08:16:58.351Z"}
{"level":"info","message":"listening on port 5000","timestamp":"2022-05-14T08:17:42.632Z"}
{"level":"info","message":"DB onnected successfully","timestamp":"2022-05-14T08:17:42.652Z"}
{"level":"info","message":"listening on port 5000","timestamp":"2022-05-14T08:19:08.759Z"}
{"level":"info","message":"DB onnected successfully","timestamp":"2022-05-14T08:19:08.794Z"}
{"level":"info","message":"listening on port 5000","timestamp":"2022-05-14T08:20:11.480Z"}
{"level":"info","message":"DB onnected successfully","timestamp":"2022-05-14T08:20:11.516Z"}
{"level":"info","message":"listening on port 5000","timestamp":"2022-05-14T08:20:28.695Z"}
{"level":"info","message":"DB onnected successfully","timestamp":"2022-05-14T08:20:28.713Z"}
{"level":"info","message":"listening on port 5000","timestamp":"2022-05-14T08:20:37.686Z"}
{"level":"info","message":"DB onnected successfully","timestamp":"2022-05-14T08:20:37.703Z"}
{"level":"info","message":"listening on port 5000","timestamp":"2022-05-14T08:20:51.370Z"}
{"level":"info","message":"DB onnected successfully","timestamp":"2022-05-14T08:20:51.397Z"}
{"level":"error","message":"email is not defined","timestamp":"2022-05-14T08:20:53.690Z"}
{"level":"info","message":"listening on port 5000","timestamp":"2022-05-14T08:21:09.095Z"}
{"level":"info","message":"DB onnected successfully","timestamp":"2022-05-14T08:21:09.126Z"}
{"level":"info","message":"listening on port 5000","timestamp":"2022-05-14T08:21:23.894Z"}
{"level":"info","message":"DB onnected successfully","timestamp":"2022-05-14T08:21:23.911Z"}
{"level":"info","message":"listening on port 5000","timestamp":"2022-05-14T08:21:41.881Z"}
{"level":"info","message":"DB onnected successfully","timestamp":"2022-05-14T08:21:41.899Z"}
{"level":"info","message":"listening on port 5000","timestamp":"2022-05-14T08:21:44.632Z"}
{"level":"info","message":"DB onnected successfully","timestamp":"2022-05-14T08:21:44.653Z"}
{"level":"info","message":"listening on port 5000","timestamp":"2022-05-14T08:22:28.466Z"}
{"level":"info","message":"DB onnected successfully","timestamp":"2022-05-14T08:22:28.486Z"}
{"level":"info","message":"listening on port 5000","timestamp":"2022-05-14T08:22:51.260Z"}
{"level":"info","message":"DB onnected successfully","timestamp":"2022-05-14T08:22:51.281Z"}
{"level":"info","message":"listening on port 5000","timestamp":"2022-05-14T11:19:22.865Z"}
{"level":"info","message":"DB onnected successfully","timestamp":"2022-05-14T11:19:22.923Z"}
{"level":"info","message":"listening on port 5000","timestamp":"2022-05-14T11:20:20.232Z"}
{"level":"info","message":"DB onnected successfully","timestamp":"2022-05-14T11:20:20.261Z"}
{"level":"info","message":"listening on port 5000","timestamp":"2022-05-14T11:20:33.069Z"}
{"level":"info","message":"DB onnected successfully","timestamp":"2022-05-14T11:20:33.144Z"}
{"level":"info","message":"listening on port 5000","timestamp":"2022-05-14T11:21:30.671Z"}
{"level":"info","message":"DB onnected successfully","timestamp":"2022-05-14T11:21:30.687Z"}
{"level":"info","message":"listening on port 5000","timestamp":"2022-05-14T11:21:45.148Z"}
{"level":"info","message":"DB onnected successfully","timestamp":"2022-05-14T11:21:45.164Z"}
{"level":"info","message":"listening on port 5000","timestamp":"2022-05-14T11:21:57.844Z"}
{"level":"info","message":"DB onnected successfully","timestamp":"2022-05-14T11:21:57.861Z"}
{"level":"info","message":"listening on port 5000","timestamp":"2022-05-14T11:22:13.605Z"}
{"level":"info","message":"DB onnected successfully","timestamp":"2022-05-14T11:22:13.627Z"}
{"level":"info","message":"listening on port 5000","timestamp":"2022-05-14T11:23:00.056Z"}
{"level":"info","message":"DB onnected successfully","timestamp":"2022-05-14T11:23:00.077Z"}
{"level":"info","message":"listening on port 5000","timestamp":"2022-05-14T11:23:08.718Z"}
{"level":"info","message":"DB onnected successfully","timestamp":"2022-05-14T11:23:08.740Z"}
{"level":"info","message":"listening on port 5000","timestamp":"2022-05-14T11:23:44.289Z"}
{"level":"info","message":"DB onnected successfully","timestamp":"2022-05-14T11:23:44.310Z"}
{"level":"info","message":"listening on port 5000","timestamp":"2022-05-14T11:23:53.625Z"}
{"level":"info","message":"DB onnected successfully","timestamp":"2022-05-14T11:23:53.700Z"}
{"level":"info","message":"listening on port 5000","timestamp":"2022-05-14T11:24:02.590Z"}
{"level":"info","message":"DB onnected successfully","timestamp":"2022-05-14T11:24:02.607Z"}
{"level":"info","message":"listening on port 5000","timestamp":"2022-05-14T11:25:08.113Z"}
{"level":"info","message":"DB onnected successfully","timestamp":"2022-05-14T11:25:08.132Z"}
{"level":"info","message":"listening on port 5000","timestamp":"2022-05-14T11:25:23.965Z"}
{"level":"info","message":"DB onnected successfully","timestamp":"2022-05-14T11:25:23.986Z"}
{"level":"info","message":"listening on port 5000","timestamp":"2022-05-14T11:25:42.236Z"}
{"level":"info","message":"DB onnected successfully","timestamp":"2022-05-14T11:25:42.257Z"}
{"level":"info","message":"listening on port 5000","timestamp":"2022-05-14T11:26:44.823Z"}
{"level":"info","message":"DB onnected successfully","timestamp":"2022-05-14T11:26:44.859Z"}
{"level":"info","message":"listening on port 5000","timestamp":"2022-05-14T11:26:56.098Z"}
{"level":"info","message":"DB onnected successfully","timestamp":"2022-05-14T11:26:56.117Z"}
{"level":"info","message":"listening on port 5000","timestamp":"2022-05-14T11:27:14.364Z"}
{"level":"info","message":"DB onnected successfully","timestamp":"2022-05-14T11:27:14.383Z"}
{"level":"info","message":"listening on port 5000","timestamp":"2022-05-14T11:27:48.772Z"}
{"level":"info","message":"DB onnected successfully","timestamp":"2022-05-14T11:27:48.785Z"}
{"level":"info","message":"listening on port 5000","timestamp":"2022-05-14T11:27:53.881Z"}
{"level":"info","message":"DB onnected successfully","timestamp":"2022-05-14T11:27:53.908Z"}
{"level":"info","message":"listening on port 5000","timestamp":"2022-05-14T11:28:02.772Z"}
{"level":"info","message":"DB onnected successfully","timestamp":"2022-05-14T11:28:02.796Z"}
{"level":"info","message":"listening on port 5000","timestamp":"2022-05-14T11:28:35.017Z"}
{"level":"info","message":"DB onnected successfully","timestamp":"2022-05-14T11:28:35.034Z"}
{"level":"info","message":"listening on port 5000","timestamp":"2022-05-14T11:29:17.389Z"}
{"level":"info","message":"DB onnected successfully","timestamp":"2022-05-14T11:29:17.407Z"}
{"level":"info","message":"listening on port 5000","timestamp":"2022-05-14T11:30:30.439Z"}
{"level":"info","message":"DB onnected successfully","timestamp":"2022-05-14T11:30:30.472Z"}
{"level":"info","message":"listening on port 5000","timestamp":"2022-05-14T11:31:09.725Z"}
{"level":"info","message":"DB onnected successfully","timestamp":"2022-05-14T11:31:09.750Z"}
{"level":"info","message":"listening on port 5000","timestamp":"2022-05-14T11:31:58.004Z"}
{"level":"info","message":"DB onnected successfully","timestamp":"2022-05-14T11:31:58.028Z"}
{"level":"info","message":"listening on port 5000","timestamp":"2022-05-14T11:32:13.398Z"}
{"level":"info","message":"DB onnected successfully","timestamp":"2022-05-14T11:32:13.442Z"}
{"level":"info","message":"listening on port 5000","timestamp":"2022-05-14T11:33:26.753Z"}
{"level":"info","message":"DB onnected successfully","timestamp":"2022-05-14T11:33:26.771Z"}
{"level":"info","message":"listening on port 5000","timestamp":"2022-05-14T11:33:43.142Z"}
{"level":"info","message":"DB onnected successfully","timestamp":"2022-05-14T11:33:43.173Z"}
{"level":"info","message":"listening on port 5000","timestamp":"2022-05-14T11:33:53.140Z"}
{"level":"info","message":"DB onnected successfully","timestamp":"2022-05-14T11:33:53.158Z"}
{"level":"info","message":"listening on port 5000","timestamp":"2022-05-14T11:36:15.227Z"}
{"level":"info","message":"DB onnected successfully","timestamp":"2022-05-14T11:36:15.254Z"}
{"level":"info","message":"listening on port 5000","timestamp":"2022-05-14T11:39:16.346Z"}
{"level":"info","message":"DB onnected successfully","timestamp":"2022-05-14T11:39:16.370Z"}
{"level":"info","message":"listening on port 5000","timestamp":"2022-05-14T11:39:50.142Z"}
{"level":"info","message":"DB onnected successfully","timestamp":"2022-05-14T11:39:50.165Z"}
{"level":"info","message":"listening on port 5000","timestamp":"2022-05-14T11:40:22.874Z"}
{"level":"info","message":"DB onnected successfully","timestamp":"2022-05-14T11:40:22.890Z"}
{"level":"info","message":"listening on port 5000","timestamp":"2022-05-14T11:40:37.555Z"}
{"level":"info","message":"DB onnected successfully","timestamp":"2022-05-14T11:40:37.577Z"}
{"level":"info","message":"listening on port 5000","timestamp":"2022-05-14T11:40:49.805Z"}
{"level":"info","message":"DB onnected successfully","timestamp":"2022-05-14T11:40:49.821Z"}
{"level":"info","message":"listening on port 5000","timestamp":"2022-05-14T11:41:15.289Z"}
{"level":"info","message":"DB onnected successfully","timestamp":"2022-05-14T11:41:15.308Z"}
{"level":"info","message":"listening on port 5000","timestamp":"2022-05-14T11:42:38.414Z"}
{"level":"info","message":"DB onnected successfully","timestamp":"2022-05-14T11:42:38.434Z"}
{"level":"info","message":"listening on port 5000","timestamp":"2022-05-14T11:44:30.876Z"}
{"level":"info","message":"DB onnected successfully","timestamp":"2022-05-14T11:44:30.894Z"}
{"level":"info","message":"listening on port 5000","timestamp":"2022-05-14T11:44:36.049Z"}
{"level":"info","message":"DB onnected successfully","timestamp":"2022-05-14T11:44:36.067Z"}
{"level":"info","message":"listening on port 5000","timestamp":"2022-05-14T11:45:34.799Z"}
{"level":"info","message":"DB onnected successfully","timestamp":"2022-05-14T11:45:34.818Z"}
{"level":"info","message":"listening on port 5000","timestamp":"2022-05-14T11:46:03.284Z"}
{"level":"info","message":"DB onnected successfully","timestamp":"2022-05-14T11:46:03.307Z"}
{"level":"info","message":"listening on port 5000","timestamp":"2022-05-14T11:46:39.721Z"}
{"level":"info","message":"DB onnected successfully","timestamp":"2022-05-14T11:46:39.740Z"}
{"level":"info","message":"listening on port 5000","timestamp":"2022-05-14T11:47:04.143Z"}
{"level":"info","message":"DB onnected successfully","timestamp":"2022-05-14T11:47:04.168Z"}
{"level":"info","message":"listening on port 5000","timestamp":"2022-05-14T11:47:21.271Z"}
{"level":"info","message":"DB onnected successfully","timestamp":"2022-05-14T11:47:21.313Z"}
{"level":"info","message":"listening on port 5000","timestamp":"2022-05-14T11:47:34.044Z"}
{"level":"info","message":"DB onnected successfully","timestamp":"2022-05-14T11:47:34.062Z"}
{"level":"info","message":"listening on port 5000","timestamp":"2022-05-14T11:47:46.378Z"}
{"level":"info","message":"DB onnected successfully","timestamp":"2022-05-14T11:47:46.399Z"}
{"level":"info","message":"listening on port 5000","timestamp":"2022-05-14T11:47:55.336Z"}
{"level":"info","message":"DB onnected successfully","timestamp":"2022-05-14T11:47:55.355Z"}
{"level":"info","message":"listening on port 5000","timestamp":"2022-05-14T11:50:07.751Z"}
{"level":"info","message":"DB onnected successfully","timestamp":"2022-05-14T11:50:07.771Z"}
{"level":"info","message":"listening on port 5000","timestamp":"2022-05-14T11:52:53.892Z"}
{"level":"info","message":"DB onnected successfully","timestamp":"2022-05-14T11:52:53.910Z"}
{"level":"info","message":"listening on port 5000","timestamp":"2022-05-14T11:53:03.854Z"}
{"level":"info","message":"DB onnected successfully","timestamp":"2022-05-14T11:53:03.866Z"}
{"level":"info","message":"listening on port 5000","timestamp":"2022-05-14T11:53:43.112Z"}
{"level":"info","message":"DB onnected successfully","timestamp":"2022-05-14T11:53:43.150Z"}
{"level":"info","message":"listening on port 5000","timestamp":"2022-05-14T11:54:16.402Z"}
{"level":"info","message":"DB onnected successfully","timestamp":"2022-05-14T11:54:16.422Z"}
{"level":"info","message":"listening on port 5000","timestamp":"2022-05-14T11:54:23.114Z"}
{"level":"info","message":"DB onnected successfully","timestamp":"2022-05-14T11:54:23.133Z"}
{"level":"info","message":"listening on port 5000","timestamp":"2022-05-14T11:54:32.766Z"}
{"level":"info","message":"DB onnected successfully","timestamp":"2022-05-14T11:54:32.790Z"}
{"level":"info","message":"listening on port 5000","timestamp":"2022-05-14T11:54:57.719Z"}
{"level":"info","message":"DB onnected successfully","timestamp":"2022-05-14T11:54:57.752Z"}
{"level":"info","message":"listening on port 5000","timestamp":"2022-05-14T11:55:13.635Z"}
{"level":"info","message":"DB onnected successfully","timestamp":"2022-05-14T11:55:13.652Z"}
{"level":"info","message":"listening on port 5000","timestamp":"2022-05-14T11:56:26.351Z"}
{"level":"info","message":"DB onnected successfully","timestamp":"2022-05-14T11:56:26.408Z"}
{"level":"info","message":"listening on port 5000","timestamp":"2022-05-14T11:56:28.142Z"}
{"level":"info","message":"DB onnected successfully","timestamp":"2022-05-14T11:56:28.169Z"}
{"level":"info","message":"listening on port 5000","timestamp":"2022-05-14T11:56:30.218Z"}
{"level":"info","message":"DB onnected successfully","timestamp":"2022-05-14T11:56:30.254Z"}
{"level":"info","message":"listening on port 5000","timestamp":"2022-05-14T11:56:48.013Z"}
{"level":"info","message":"DB onnected successfully","timestamp":"2022-05-14T11:56:48.031Z"}
{"level":"info","message":"listening on port 5000","timestamp":"2022-05-14T11:56:54.580Z"}
{"level":"info","message":"DB onnected successfully","timestamp":"2022-05-14T11:56:54.607Z"}
{"level":"info","message":"listening on port 5000","timestamp":"2022-05-14T11:57:00.342Z"}
{"level":"info","message":"DB onnected successfully","timestamp":"2022-05-14T11:57:00.380Z"}
{"level":"info","message":"listening on port 5000","timestamp":"2022-05-14T11:57:05.502Z"}
{"level":"info","message":"DB onnected successfully","timestamp":"2022-05-14T11:57:05.528Z"}
{"level":"info","message":"listening on port 5000","timestamp":"2022-05-14T11:57:12.167Z"}
{"level":"info","message":"DB onnected successfully","timestamp":"2022-05-14T11:57:12.189Z"}
{"level":"info","message":"listening on port 5000","timestamp":"2022-05-14T11:57:47.445Z"}
{"level":"info","message":"DB onnected successfully","timestamp":"2022-05-14T11:57:47.464Z"}
{"level":"info","message":"listening on port 5000","timestamp":"2022-05-14T11:58:05.654Z"}
{"level":"info","message":"DB onnected successfully","timestamp":"2022-05-14T11:58:05.673Z"}
{"level":"info","message":"listening on port 5000","timestamp":"2022-05-14T11:58:49.879Z"}
{"level":"info","message":"DB onnected successfully","timestamp":"2022-05-14T11:58:49.904Z"}
{"level":"info","message":"listening on port 5000","timestamp":"2022-05-14T11:59:27.898Z"}
{"level":"info","message":"DB onnected successfully","timestamp":"2022-05-14T11:59:27.915Z"}
{"level":"info","message":"listening on port 5000","timestamp":"2022-05-14T11:59:40.282Z"}
{"level":"info","message":"DB onnected successfully","timestamp":"2022-05-14T11:59:40.301Z"}
{"level":"info","message":"listening on port 5000","timestamp":"2022-05-14T11:59:49.016Z"}
{"level":"info","message":"DB onnected successfully","timestamp":"2022-05-14T11:59:49.042Z"}
{"level":"info","message":"listening on port 5000","timestamp":"2022-05-14T12:00:11.644Z"}
{"level":"info","message":"DB onnected successfully","timestamp":"2022-05-14T12:00:11.662Z"}
{"level":"info","message":"listening on port 5000","timestamp":"2022-05-14T12:00:38.892Z"}
{"level":"info","message":"DB onnected successfully","timestamp":"2022-05-14T12:00:38.928Z"}
{"level":"info","message":"listening on port 5000","timestamp":"2022-05-14T12:01:31.791Z"}
{"level":"info","message":"DB onnected successfully","timestamp":"2022-05-14T12:01:31.821Z"}
{"level":"info","message":"listening on port 5000","timestamp":"2022-05-14T12:02:43.456Z"}
{"level":"info","message":"DB onnected successfully","timestamp":"2022-05-14T12:02:43.474Z"}
{"level":"info","message":"listening on port 5000","timestamp":"2022-05-14T12:03:24.332Z"}
{"level":"info","message":"DB onnected successfully","timestamp":"2022-05-14T12:03:24.356Z"}
{"level":"info","message":"listening on port 5000","timestamp":"2022-05-14T12:03:31.253Z"}
{"level":"info","message":"DB onnected successfully","timestamp":"2022-05-14T12:03:31.271Z"}
{"level":"info","message":"listening on port 5000","timestamp":"2022-05-14T12:03:47.087Z"}
{"level":"info","message":"DB onnected successfully","timestamp":"2022-05-14T12:03:47.111Z"}
{"level":"info","message":"listening on port 5000","timestamp":"2022-05-14T12:04:04.101Z"}
{"level":"info","message":"DB onnected successfully","timestamp":"2022-05-14T12:04:04.121Z"}
{"level":"info","message":"listening on port 5000","timestamp":"2022-05-14T12:04:47.037Z"}
{"level":"info","message":"DB onnected successfully","timestamp":"2022-05-14T12:04:47.056Z"}
{"level":"info","message":"listening on port 5000","timestamp":"2022-05-14T12:04:58.574Z"}
{"level":"info","message":"DB onnected successfully","timestamp":"2022-05-14T12:04:58.601Z"}
{"level":"info","message":"listening on port 5000","timestamp":"2022-05-14T12:05:30.612Z"}
{"level":"info","message":"DB onnected successfully","timestamp":"2022-05-14T12:05:30.648Z"}
{"level":"info","message":"listening on port 5000","timestamp":"2022-05-14T12:05:42.939Z"}
{"level":"info","message":"DB onnected successfully","timestamp":"2022-05-14T12:05:42.964Z"}
{"level":"info","message":"listening on port 5000","timestamp":"2022-05-14T12:06:21.605Z"}
{"level":"info","message":"DB onnected successfully","timestamp":"2022-05-14T12:06:21.629Z"}
{"level":"info","message":"listening on port 5000","timestamp":"2022-05-14T12:07:34.858Z"}
{"level":"info","message":"DB onnected successfully","timestamp":"2022-05-14T12:07:34.881Z"}
{"level":"info","message":"listening on port 5000","timestamp":"2022-05-14T12:08:09.356Z"}
{"level":"info","message":"DB onnected successfully","timestamp":"2022-05-14T12:08:09.383Z"}
{"level":"info","message":"listening on port 5000","timestamp":"2022-05-14T12:08:11.332Z"}
{"level":"info","message":"DB onnected successfully","timestamp":"2022-05-14T12:08:11.351Z"}
{"level":"info","message":"listening on port 5000","timestamp":"2022-05-14T12:08:28.444Z"}
{"level":"info","message":"DB onnected successfully","timestamp":"2022-05-14T12:08:28.468Z"}
{"level":"info","message":"listening on port 5000","timestamp":"2022-05-14T12:08:37.490Z"}
{"level":"info","message":"DB onnected successfully","timestamp":"2022-05-14T12:08:37.516Z"}
{"level":"info","message":"listening on port 5000","timestamp":"2022-05-14T12:08:44.004Z"}
{"level":"info","message":"DB onnected successfully","timestamp":"2022-05-14T12:08:44.028Z"}
{"level":"info","message":"listening on port 5000","timestamp":"2022-05-14T12:09:22.262Z"}
{"level":"info","message":"DB onnected successfully","timestamp":"2022-05-14T12:09:22.280Z"}
{"level":"error","message":"Unexpected token - in JSON at position 0","timestamp":"2022-05-14T12:15:49.546Z"}
{"level":"info","message":"listening on port 5000","timestamp":"2022-05-14T12:16:55.235Z"}
{"level":"info","message":"DB onnected successfully","timestamp":"2022-05-14T12:16:55.254Z"}
{"level":"error","message":"Unexpected token - in JSON at position 0","timestamp":"2022-05-14T12:17:26.443Z"}
{"level":"error","message":"Unexpected token - in JSON at position 0","timestamp":"2022-05-14T12:18:12.772Z"}
{"level":"error","message":"Unexpected token - in JSON at position 0","timestamp":"2022-05-14T12:18:18.610Z"}
{"level":"info","message":"listening on port 5000","timestamp":"2022-05-15T13:41:33.110Z"}
{"level":"info","message":"DB onnected successfully","timestamp":"2022-05-15T13:41:33.129Z"}
{"level":"info","message":"listening on port 5000","timestamp":"2022-05-15T14:36:33.556Z"}
{"level":"info","message":"DB onnected successfully","timestamp":"2022-05-15T14:36:33.572Z"}
{"level":"info","message":"listening on port 5000","timestamp":"2022-05-15T18:14:51.563Z"}
{"level":"info","message":"DB onnected successfully","timestamp":"2022-05-15T18:14:51.585Z"}
{"level":"info","message":"listening on port 5000","timestamp":"2022-05-15T18:15:03.481Z"}
{"level":"info","message":"DB onnected successfully","timestamp":"2022-05-15T18:15:03.503Z"}
{"level":"info","message":"listening on port 5000","timestamp":"2022-05-15T18:20:43.535Z"}
{"level":"info","message":"DB onnected successfully","timestamp":"2022-05-15T18:20:43.551Z"}
{"level":"info","message":"listening on port 5000","timestamp":"2022-05-15T18:23:12.315Z"}
{"level":"info","message":"DB onnected successfully","timestamp":"2022-05-15T18:23:12.335Z"}
{"level":"info","message":"listening on port 5000","timestamp":"2022-05-15T18:23:33.290Z"}
{"level":"info","message":"DB onnected successfully","timestamp":"2022-05-15T18:23:33.314Z"}
{"level":"info","message":"listening on port 5000","timestamp":"2022-05-15T18:23:49.122Z"}
{"level":"info","message":"DB onnected successfully","timestamp":"2022-05-15T18:23:49.187Z"}
{"level":"info","message":"listening on port 5000","timestamp":"2022-05-15T18:29:29.501Z"}
{"level":"info","message":"DB onnected successfully","timestamp":"2022-05-15T18:29:29.526Z"}
{"level":"info","message":"listening on port 5000","timestamp":"2022-05-15T18:48:14.626Z"}
{"level":"info","message":"DB onnected successfully","timestamp":"2022-05-15T18:48:14.642Z"}
{"level":"info","message":"listening on port 5000","timestamp":"2022-05-15T18:51:45.146Z"}
{"level":"info","message":"DB onnected successfully","timestamp":"2022-05-15T18:51:45.164Z"}
{"level":"info","message":"listening on port 5000","timestamp":"2022-05-15T18:52:15.323Z"}
{"level":"info","message":"DB onnected successfully","timestamp":"2022-05-15T18:52:15.340Z"}
{"level":"info","message":"listening on port 5000","timestamp":"2022-05-15T18:52:23.355Z"}
{"level":"info","message":"DB onnected successfully","timestamp":"2022-05-15T18:52:23.377Z"}
{"level":"info","message":"listening on port 5000","timestamp":"2022-05-15T18:52:30.916Z"}
{"level":"info","message":"DB onnected successfully","timestamp":"2022-05-15T18:52:30.938Z"}
{"level":"info","message":"listening on port 5000","timestamp":"2022-05-15T18:52:36.956Z"}
{"level":"info","message":"DB onnected successfully","timestamp":"2022-05-15T18:52:36.972Z"}
{"level":"info","message":"listening on port 5000","timestamp":"2022-05-15T18:52:48.740Z"}
{"level":"info","message":"DB onnected successfully","timestamp":"2022-05-15T18:52:48.760Z"}
{"level":"info","message":"listening on port 5000","timestamp":"2022-05-15T18:53:13.739Z"}
{"level":"info","message":"DB onnected successfully","timestamp":"2022-05-15T18:53:13.761Z"}
{"level":"info","message":"listening on port 5000","timestamp":"2022-05-15T18:53:20.569Z"}
{"level":"info","message":"DB onnected successfully","timestamp":"2022-05-15T18:53:20.596Z"}
{"level":"info","message":"listening on port 5000","timestamp":"2022-05-15T18:53:25.051Z"}
{"level":"info","message":"DB onnected successfully","timestamp":"2022-05-15T18:53:25.078Z"}
{"level":"info","message":"listening on port 5000","timestamp":"2022-05-15T18:53:32.836Z"}
{"level":"info","message":"DB onnected successfully","timestamp":"2022-05-15T18:53:32.855Z"}
{"level":"info","message":"listening on port 5000","timestamp":"2022-05-15T18:53:48.041Z"}
{"level":"info","message":"DB onnected successfully","timestamp":"2022-05-15T18:53:48.064Z"}
{"level":"info","message":"listening on port 5000","timestamp":"2022-05-15T18:54:17.304Z"}
{"level":"info","message":"DB onnected successfully","timestamp":"2022-05-15T18:54:17.331Z"}
{"level":"info","message":"listening on port 5000","timestamp":"2022-05-15T18:54:52.285Z"}
{"level":"info","message":"DB onnected successfully","timestamp":"2022-05-15T18:54:52.306Z"}
{"level":"info","message":"listening on port 5000","timestamp":"2022-05-15T18:55:04.111Z"}
{"level":"info","message":"DB onnected successfully","timestamp":"2022-05-15T18:55:04.132Z"}
{"level":"info","message":"listening on port 5000","timestamp":"2022-05-15T18:55:09.423Z"}
{"level":"info","message":"DB onnected successfully","timestamp":"2022-05-15T18:55:09.440Z"}
{"level":"info","message":"listening on port 5000","timestamp":"2022-05-15T18:55:32.349Z"}
{"level":"info","message":"DB onnected successfully","timestamp":"2022-05-15T18:55:32.366Z"}
{"level":"info","message":"listening on port 5000","timestamp":"2022-05-15T18:55:35.130Z"}
{"level":"info","message":"DB onnected successfully","timestamp":"2022-05-15T18:55:35.151Z"}
{"level":"info","message":"listening on port 5000","timestamp":"2022-05-15T18:58:02.209Z"}
{"level":"info","message":"DB onnected successfully","timestamp":"2022-05-15T18:58:02.230Z"}
{"level":"info","message":"listening on port 5000","timestamp":"2022-05-15T18:58:39.108Z"}
{"level":"info","message":"DB onnected successfully","timestamp":"2022-05-15T18:58:39.124Z"}
{"level":"info","message":"listening on port 5000","timestamp":"2022-05-15T18:59:41.486Z"}
{"level":"info","message":"DB onnected successfully","timestamp":"2022-05-15T18:59:41.503Z"}
{"level":"info","message":"listening on port 5000","timestamp":"2022-05-15T18:59:50.358Z"}
{"level":"info","message":"DB onnected successfully","timestamp":"2022-05-15T18:59:50.380Z"}
{"level":"info","message":"listening on port 5000","timestamp":"2022-05-15T19:00:32.745Z"}
{"level":"info","message":"DB onnected successfully","timestamp":"2022-05-15T19:00:32.764Z"}
{"level":"info","message":"listening on port 5000","timestamp":"2022-05-15T19:00:35.184Z"}
{"level":"info","message":"DB onnected successfully","timestamp":"2022-05-15T19:00:35.205Z"}
{"level":"info","message":"listening on port 5000","timestamp":"2022-05-15T19:00:52.929Z"}
{"level":"info","message":"DB onnected successfully","timestamp":"2022-05-15T19:00:52.948Z"}
{"level":"info","message":"listening on port 5000","timestamp":"2022-05-15T19:01:13.919Z"}
{"level":"info","message":"DB onnected successfully","timestamp":"2022-05-15T19:01:13.935Z"}
{"level":"info","message":"listening on port 5000","timestamp":"2022-05-15T19:01:33.548Z"}
{"level":"info","message":"DB onnected successfully","timestamp":"2022-05-15T19:01:33.570Z"}
{"level":"info","message":"listening on port 5000","timestamp":"2022-05-15T19:01:53.398Z"}
{"level":"info","message":"DB onnected successfully","timestamp":"2022-05-15T19:01:53.417Z"}
{"level":"info","message":"listening on port 5000","timestamp":"2022-05-15T19:12:10.488Z"}
{"level":"info","message":"DB onnected successfully","timestamp":"2022-05-15T19:12:10.510Z"}
{"level":"info","message":"listening on port 5000","timestamp":"2022-05-15T19:12:34.870Z"}
{"level":"info","message":"DB onnected successfully","timestamp":"2022-05-15T19:12:34.888Z"}
{"level":"info","message":"listening on port 5000","timestamp":"2022-05-15T19:12:44.816Z"}
{"level":"info","message":"DB onnected successfully","timestamp":"2022-05-15T19:12:44.836Z"}
{"level":"info","message":"listening on port 5000","timestamp":"2022-05-15T19:13:23.611Z"}
{"level":"info","message":"DB onnected successfully","timestamp":"2022-05-15T19:13:23.645Z"}
{"level":"info","message":"listening on port 5000","timestamp":"2022-05-16T18:03:32.208Z"}
{"level":"info","message":"DB onnected successfully","timestamp":"2022-05-16T18:03:32.235Z"}
{"level":"info","message":"listening on port 5000","timestamp":"2022-05-16T18:04:13.586Z"}
{"level":"info","message":"DB onnected successfully","timestamp":"2022-05-16T18:04:13.627Z"}
{"level":"info","message":"listening on port 5000","timestamp":"2022-05-16T18:04:45.113Z"}
{"level":"info","message":"DB onnected successfully","timestamp":"2022-05-16T18:04:45.150Z"}
{"level":"info","message":"listening on port 5000","timestamp":"2022-05-16T18:04:59.158Z"}
{"level":"info","message":"DB onnected successfully","timestamp":"2022-05-16T18:04:59.176Z"}
{"level":"info","message":"listening on port 5000","timestamp":"2022-05-16T18:05:12.404Z"}
{"level":"info","message":"DB onnected successfully","timestamp":"2022-05-16T18:05:12.424Z"}
{"level":"info","message":"listening on port 5000","timestamp":"2022-05-16T18:05:29.297Z"}
{"level":"info","message":"DB onnected successfully","timestamp":"2022-05-16T18:05:29.326Z"}
{"level":"info","message":"listening on port 5000","timestamp":"2022-05-16T18:06:06.220Z"}
{"level":"info","message":"DB onnected successfully","timestamp":"2022-05-16T18:06:06.241Z"}
{"level":"info","message":"listening on port 5000","timestamp":"2022-05-16T18:06:16.917Z"}
{"level":"info","message":"DB onnected successfully","timestamp":"2022-05-16T18:06:16.956Z"}
{"level":"info","message":"listening on port 5000","timestamp":"2022-05-16T18:06:24.668Z"}
{"level":"info","message":"DB onnected successfully","timestamp":"2022-05-16T18:06:24.687Z"}
{"level":"info","message":"listening on port 5000","timestamp":"2022-05-16T18:06:53.405Z"}
{"level":"info","message":"DB onnected successfully","timestamp":"2022-05-16T18:06:53.435Z"}
{"level":"info","message":"listening on port 5000","timestamp":"2022-05-16T18:07:02.787Z"}
{"level":"info","message":"DB onnected successfully","timestamp":"2022-05-16T18:07:02.809Z"}
{"level":"info","message":"listening on port 5000","timestamp":"2022-05-16T18:07:29.570Z"}
{"level":"info","message":"DB onnected successfully","timestamp":"2022-05-16T18:07:29.589Z"}
{"level":"info","message":"listening on port 5000","timestamp":"2022-05-16T18:07:41.685Z"}
{"level":"info","message":"DB onnected successfully","timestamp":"2022-05-16T18:07:41.713Z"}
{"level":"info","message":"listening on port 5000","timestamp":"2022-05-16T18:07:45.950Z"}
{"level":"info","message":"DB onnected successfully","timestamp":"2022-05-16T18:07:45.969Z"}
{"level":"info","message":"listening on port 5000","timestamp":"2022-05-16T18:07:52.588Z"}
{"level":"info","message":"DB onnected successfully","timestamp":"2022-05-16T18:07:52.617Z"}
{"level":"info","message":"listening on port 5000","timestamp":"2022-05-16T18:08:03.903Z"}
{"level":"info","message":"DB onnected successfully","timestamp":"2022-05-16T18:08:03.922Z"}
{"level":"info","message":"listening on port 5000","timestamp":"2022-05-16T18:08:12.345Z"}
{"level":"info","message":"DB onnected successfully","timestamp":"2022-05-16T18:08:12.381Z"}
{"level":"info","message":"listening on port 5000","timestamp":"2022-05-16T18:08:24.018Z"}
{"level":"info","message":"DB onnected successfully","timestamp":"2022-05-16T18:08:24.253Z"}
{"level":"info","message":"listening on port 5000","timestamp":"2022-05-16T18:08:38.020Z"}
{"level":"info","message":"DB onnected successfully","timestamp":"2022-05-16T18:08:38.040Z"}
{"level":"info","message":"listening on port 5000","timestamp":"2022-05-16T18:08:46.976Z"}
{"level":"info","message":"DB onnected successfully","timestamp":"2022-05-16T18:08:46.996Z"}
{"level":"info","message":"listening on port 5000","timestamp":"2022-05-16T18:09:05.437Z"}
{"level":"info","message":"DB onnected successfully","timestamp":"2022-05-16T18:09:05.456Z"}
{"level":"info","message":"listening on port 5000","timestamp":"2022-05-16T18:09:17.852Z"}
{"level":"info","message":"DB onnected successfully","timestamp":"2022-05-16T18:09:17.872Z"}
{"level":"info","message":"listening on port 5000","timestamp":"2022-05-16T18:09:27.730Z"}
{"level":"info","message":"DB onnected successfully","timestamp":"2022-05-16T18:09:27.767Z"}
{"level":"info","message":"listening on port 5000","timestamp":"2022-05-17T18:16:28.809Z"}
{"level":"info","message":"DB onnected successfully","timestamp":"2022-05-17T18:16:28.831Z"}
{"level":"info","message":"listening on port 5000","timestamp":"2022-05-17T18:17:38.853Z"}
{"level":"info","message":"DB onnected successfully","timestamp":"2022-05-17T18:17:38.875Z"}
